x264 configure script
Command line options: "--prefix=arm-lib" "--enable-shared" "--enable-pic" "--enable-strip" "--cross-prefix=/android-ndk-r14b/toolchains/arm-linux-androideabi-4.9/prebuilt/windows-x86_64/bin/arm-linux-androideabi-" "--host=arm-linux-androideabi" "--sysroot=/android-ndk-r14b/platforms/android-17/arch-arm" "--extra-cflags=-Os" "-fpic" "-march=armv7-a" "-mfpu=neon" "-mfloat-abi=softfp" "--extra-ldflags="

checking whether /android-ndk-r14b/toolchains/arm-linux-androideabi-4.9/prebuilt/windows-x86_64/bin/arm-linux-androideabi-gcc works... yes
checking whether /android-ndk-r14b/toolchains/arm-linux-androideabi-4.9/prebuilt/windows-x86_64/bin/arm-linux-androideabi-gcc supports for( int i = 0; i < 9; i++ ); with -std=gnu99... yes
checking whether /android-ndk-r14b/toolchains/arm-linux-androideabi-4.9/prebuilt/windows-x86_64/bin/arm-linux-androideabi-gcc supports __asm__("add r0, r1, r2");... yes
checking whether /android-ndk-r14b/toolchains/arm-linux-androideabi-4.9/prebuilt/windows-x86_64/bin/arm-linux-androideabi-gcc supports __asm__("rev ip, ip");... yes
checking whether /android-ndk-r14b/toolchains/arm-linux-androideabi-4.9/prebuilt/windows-x86_64/bin/arm-linux-androideabi-gcc supports __asm__("movt r0, #0");... yes
checking whether /android-ndk-r14b/toolchains/arm-linux-androideabi-4.9/prebuilt/windows-x86_64/bin/arm-linux-androideabi-gcc supports __asm__("vadd.i16 q0, q0, q0");... yes
checking whether /android-ndk-r14b/toolchains/arm-linux-androideabi-4.9/prebuilt/windows-x86_64/bin/arm-linux-androideabi-gcc supports .func test
.endfunc... yes
checking for pthread_create(0,0,0,0); in pthread.h... no
Failed commandline was:
--------------------------------------------------
/android-ndk-r14b/toolchains/arm-linux-androideabi-4.9/prebuilt/windows-x86_64/bin/arm-linux-androideabi-gcc conftest.c  -Wall -I. -I$(SRCPATH) --sysroot=/android-ndk-r14b/platforms/android-17/arch-arm -Os -fpic -march=armv7-a -mfpu=neon -mfloat-abi=softfp -std=gnu99 -D_GNU_SOURCE  -lpthread   --sysroot=/android-ndk-r14b/platforms/android-17/arch-arm  -lm -o conftest
e:/msys64/android-ndk-r14b/toolchains/arm-linux-androideabi-4.9/prebuilt/windows-x86_64/bin/../lib/gcc/arm-linux-androideabi/4.9.x/../../../../arm-linux-androideabi/bin/ld.exe: error: cannot find -lpthread
collect2.exe: error: ld returned 1 exit status
--------------------------------------------------
Failed program was:
--------------------------------------------------
#include <pthread.h>
int main (void) { pthread_create(0,0,0,0); return 0; }
--------------------------------------------------
checking for pthread_create(0,0,0,0); in pthread.h... yes
checking for cpu_set_t p_aff; return CPU_COUNT(&p_aff); in sched.h... no
Failed commandline was:
--------------------------------------------------
/android-ndk-r14b/toolchains/arm-linux-androideabi-4.9/prebuilt/windows-x86_64/bin/arm-linux-androideabi-gcc conftest.c  -Wall -I. -I$(SRCPATH) --sysroot=/android-ndk-r14b/platforms/android-17/arch-arm -Os -fpic -march=armv7-a -mfpu=neon -mfloat-abi=softfp -std=gnu99 -D_GNU_SOURCE  -D_GNU_SOURCE -Werror   --sysroot=/android-ndk-r14b/platforms/android-17/arch-arm  -lm  -o conftest
conftest.c: In function 'main':
conftest.c:2:19: error: unknown type name 'cpu_set_t'
 int main (void) { cpu_set_t p_aff; return CPU_COUNT(&p_aff); return 0; }
                   ^
conftest.c:2:1: error: implicit declaration of function 'CPU_COUNT' [-Werror=implicit-function-declaration]
 int main (void) { cpu_set_t p_aff; return CPU_COUNT(&p_aff); return 0; }
 ^
cc1.exe: all warnings being treated as errors
--------------------------------------------------
Failed program was:
--------------------------------------------------
#include <sched.h>
int main (void) { cpu_set_t p_aff; return CPU_COUNT(&p_aff); return 0; }
--------------------------------------------------
checking for return log2f(2); in math.h... no
Failed commandline was:
--------------------------------------------------
/android-ndk-r14b/toolchains/arm-linux-androideabi-4.9/prebuilt/windows-x86_64/bin/arm-linux-androideabi-gcc conftest.c  -Wall -I. -I$(SRCPATH) --sysroot=/android-ndk-r14b/platforms/android-17/arch-arm -Os -fpic -march=armv7-a -mfpu=neon -mfloat-abi=softfp -std=gnu99 -D_GNU_SOURCE  -Werror   --sysroot=/android-ndk-r14b/platforms/android-17/arch-arm  -lm  -o conftest
conftest.c: In function 'main':
conftest.c:2:1: error: implicit declaration of function 'log2f' [-Werror=implicit-function-declaration]
 int main (void) { return log2f(2); return 0; }
 ^
conftest.c:2:26: error: incompatible implicit declaration of built-in function 'log2f' [-Werror]
 int main (void) { return log2f(2); return 0; }
                          ^
cc1.exe: all warnings being treated as errors
--------------------------------------------------
Failed program was:
--------------------------------------------------
#include <math.h>
int main (void) { return log2f(2); return 0; }
--------------------------------------------------
checking whether defined(MAP_PRIVATE) is true... yes
checking for sws_init_context(0,0,0); in libswscale/swscale.h... no
Failed commandline was:
--------------------------------------------------
/android-ndk-r14b/toolchains/arm-linux-androideabi-4.9/prebuilt/windows-x86_64/bin/arm-linux-androideabi-gcc conftest.c  -Wall -I. -I$(SRCPATH) --sysroot=/android-ndk-r14b/platforms/android-17/arch-arm -Os -fpic -march=armv7-a -mfpu=neon -mfloat-abi=softfp -std=gnu99 -D_GNU_SOURCE   -lswscale -lavutil   --sysroot=/android-ndk-r14b/platforms/android-17/arch-arm  -lm  -o conftest
conftest.c:1:32: fatal error: libswscale/swscale.h: No such file or directory
 #include <libswscale/swscale.h>
                                ^
compilation terminated.
--------------------------------------------------
Failed program was:
--------------------------------------------------
#include <libswscale/swscale.h>
int main (void) { sws_init_context(0,0,0); return 0; }
--------------------------------------------------
checking for -lpostproc... no
Failed commandline was:
--------------------------------------------------
/android-ndk-r14b/toolchains/arm-linux-androideabi-4.9/prebuilt/windows-x86_64/bin/arm-linux-androideabi-gcc conftest.c  -Wall -I. -I$(SRCPATH) --sysroot=/android-ndk-r14b/platforms/android-17/arch-arm -Os -fpic -march=armv7-a -mfpu=neon -mfloat-abi=softfp -std=gnu99 -D_GNU_SOURCE  -lpostproc   --sysroot=/android-ndk-r14b/platforms/android-17/arch-arm  -lm  -o conftest
e:/msys64/android-ndk-r14b/toolchains/arm-linux-androideabi-4.9/prebuilt/windows-x86_64/bin/../lib/gcc/arm-linux-androideabi/4.9.x/../../../../arm-linux-androideabi/bin/ld.exe: error: cannot find -lpostproc
collect2.exe: error: ld returned 1 exit status
--------------------------------------------------
Failed program was:
--------------------------------------------------
int main (void) {  return 0; }
--------------------------------------------------
checking for -lavcodec... no
Failed commandline was:
--------------------------------------------------
/android-ndk-r14b/toolchains/arm-linux-androideabi-4.9/prebuilt/windows-x86_64/bin/arm-linux-androideabi-gcc conftest.c  -Wall -I. -I$(SRCPATH) --sysroot=/android-ndk-r14b/platforms/android-17/arch-arm -Os -fpic -march=armv7-a -mfpu=neon -mfloat-abi=softfp -std=gnu99 -D_GNU_SOURCE  -lavcodec   --sysroot=/android-ndk-r14b/platforms/android-17/arch-arm  -lm  -o conftest
e:/msys64/android-ndk-r14b/toolchains/arm-linux-androideabi-4.9/prebuilt/windows-x86_64/bin/../lib/gcc/arm-linux-androideabi/4.9.x/../../../../arm-linux-androideabi/bin/ld.exe: error: cannot find -lavcodec
collect2.exe: error: ld returned 1 exit status
--------------------------------------------------
Failed program was:
--------------------------------------------------
int main (void) {  return 0; }
--------------------------------------------------
checking for -lswscale... no
Failed commandline was:
--------------------------------------------------
/android-ndk-r14b/toolchains/arm-linux-androideabi-4.9/prebuilt/windows-x86_64/bin/arm-linux-androideabi-gcc conftest.c  -Wall -I. -I$(SRCPATH) --sysroot=/android-ndk-r14b/platforms/android-17/arch-arm -Os -fpic -march=armv7-a -mfpu=neon -mfloat-abi=softfp -std=gnu99 -D_GNU_SOURCE  -lswscale   --sysroot=/android-ndk-r14b/platforms/android-17/arch-arm  -lm  -o conftest
e:/msys64/android-ndk-r14b/toolchains/arm-linux-androideabi-4.9/prebuilt/windows-x86_64/bin/../lib/gcc/arm-linux-androideabi/4.9.x/../../../../arm-linux-androideabi/bin/ld.exe: error: cannot find -lswscale
collect2.exe: error: ld returned 1 exit status
--------------------------------------------------
Failed program was:
--------------------------------------------------
int main (void) {  return 0; }
--------------------------------------------------
checking for -lavutil... no
Failed commandline was:
--------------------------------------------------
/android-ndk-r14b/toolchains/arm-linux-androideabi-4.9/prebuilt/windows-x86_64/bin/arm-linux-androideabi-gcc conftest.c  -Wall -I. -I$(SRCPATH) --sysroot=/android-ndk-r14b/platforms/android-17/arch-arm -Os -fpic -march=armv7-a -mfpu=neon -mfloat-abi=softfp -std=gnu99 -D_GNU_SOURCE  -lavutil   --sysroot=/android-ndk-r14b/platforms/android-17/arch-arm  -lm  -o conftest
e:/msys64/android-ndk-r14b/toolchains/arm-linux-androideabi-4.9/prebuilt/windows-x86_64/bin/../lib/gcc/arm-linux-androideabi/4.9.x/../../../../arm-linux-androideabi/bin/ld.exe: error: cannot find -lavutil
collect2.exe: error: ld returned 1 exit status
--------------------------------------------------
Failed program was:
--------------------------------------------------
int main (void) {  return 0; }
--------------------------------------------------
checking for -lm... yes
checking for -lz... yes
checking for -lbz2... no
Failed commandline was:
--------------------------------------------------
/android-ndk-r14b/toolchains/arm-linux-androideabi-4.9/prebuilt/windows-x86_64/bin/arm-linux-androideabi-gcc conftest.c  -Wall -I. -I$(SRCPATH) --sysroot=/android-ndk-r14b/platforms/android-17/arch-arm -Os -fpic -march=armv7-a -mfpu=neon -mfloat-abi=softfp -std=gnu99 -D_GNU_SOURCE  -lbz2   --sysroot=/android-ndk-r14b/platforms/android-17/arch-arm  -lm  -o conftest
e:/msys64/android-ndk-r14b/toolchains/arm-linux-androideabi-4.9/prebuilt/windows-x86_64/bin/../lib/gcc/arm-linux-androideabi/4.9.x/../../../../arm-linux-androideabi/bin/ld.exe: error: cannot find -lbz2
collect2.exe: error: ld returned 1 exit status
--------------------------------------------------
Failed program was:
--------------------------------------------------
int main (void) {  return 0; }
--------------------------------------------------
checking for -lavifil32... no
Failed commandline was:
--------------------------------------------------
/android-ndk-r14b/toolchains/arm-linux-androideabi-4.9/prebuilt/windows-x86_64/bin/arm-linux-androideabi-gcc conftest.c  -Wall -I. -I$(SRCPATH) --sysroot=/android-ndk-r14b/platforms/android-17/arch-arm -Os -fpic -march=armv7-a -mfpu=neon -mfloat-abi=softfp -std=gnu99 -D_GNU_SOURCE  -lavifil32   --sysroot=/android-ndk-r14b/platforms/android-17/arch-arm  -lm  -o conftest
e:/msys64/android-ndk-r14b/toolchains/arm-linux-androideabi-4.9/prebuilt/windows-x86_64/bin/../lib/gcc/arm-linux-androideabi/4.9.x/../../../../arm-linux-androideabi/bin/ld.exe: error: cannot find -lavifil32
collect2.exe: error: ld returned 1 exit status
--------------------------------------------------
Failed program was:
--------------------------------------------------
int main (void) {  return 0; }
--------------------------------------------------
checking for -lws2_32... no
Failed commandline was:
--------------------------------------------------
/android-ndk-r14b/toolchains/arm-linux-androideabi-4.9/prebuilt/windows-x86_64/bin/arm-linux-androideabi-gcc conftest.c  -Wall -I. -I$(SRCPATH) --sysroot=/android-ndk-r14b/platforms/android-17/arch-arm -Os -fpic -march=armv7-a -mfpu=neon -mfloat-abi=softfp -std=gnu99 -D_GNU_SOURCE  -lws2_32   --sysroot=/android-ndk-r14b/platforms/android-17/arch-arm  -lm  -o conftest
e:/msys64/android-ndk-r14b/toolchains/arm-linux-androideabi-4.9/prebuilt/windows-x86_64/bin/../lib/gcc/arm-linux-androideabi/4.9.x/../../../../arm-linux-androideabi/bin/ld.exe: error: cannot find -lws2_32
collect2.exe: error: ld returned 1 exit status
--------------------------------------------------
Failed program was:
--------------------------------------------------
int main (void) {  return 0; }
--------------------------------------------------
checking for av_frame_free(0); in libavformat/avformat.h... no
Failed commandline was:
--------------------------------------------------
/android-ndk-r14b/toolchains/arm-linux-androideabi-4.9/prebuilt/windows-x86_64/bin/arm-linux-androideabi-gcc conftest.c  -Wall -I. -I$(SRCPATH) --sysroot=/android-ndk-r14b/platforms/android-17/arch-arm -Os -fpic -march=armv7-a -mfpu=neon -mfloat-abi=softfp -std=gnu99 -D_GNU_SOURCE   -L. -lavformat -lm -lz   --sysroot=/android-ndk-r14b/platforms/android-17/arch-arm  -lm  -o conftest
conftest.c:1:34: fatal error: libavformat/avformat.h: No such file or directory
 #include <libavformat/avformat.h>
                                  ^
compilation terminated.
--------------------------------------------------
Failed program was:
--------------------------------------------------
#include <libavformat/avformat.h>
int main (void) { av_frame_free(0); return 0; }
--------------------------------------------------
checking for FFMS_DestroyVideoSource(0); in ffms.h... no
Failed commandline was:
--------------------------------------------------
/android-ndk-r14b/toolchains/arm-linux-androideabi-4.9/prebuilt/windows-x86_64/bin/arm-linux-androideabi-gcc conftest.c  -Wall -I. -I$(SRCPATH) --sysroot=/android-ndk-r14b/platforms/android-17/arch-arm -Os -fpic -march=armv7-a -mfpu=neon -mfloat-abi=softfp -std=gnu99 -D_GNU_SOURCE   -lffms2   --sysroot=/android-ndk-r14b/platforms/android-17/arch-arm  -lm  -o conftest
conftest.c:1:18: fatal error: ffms.h: No such file or directory
 #include <ffms.h>
                  ^
compilation terminated.
--------------------------------------------------
Failed program was:
--------------------------------------------------
#include <ffms.h>
int main (void) { FFMS_DestroyVideoSource(0); return 0; }
--------------------------------------------------
checking for FFMS_DestroyVideoSource(0); in ffms.h... no
Failed commandline was:
--------------------------------------------------
/android-ndk-r14b/toolchains/arm-linux-androideabi-4.9/prebuilt/windows-x86_64/bin/arm-linux-androideabi-gcc conftest.c  -Wall -I. -I$(SRCPATH) --sysroot=/android-ndk-r14b/platforms/android-17/arch-arm -Os -fpic -march=armv7-a -mfpu=neon -mfloat-abi=softfp -std=gnu99 -D_GNU_SOURCE   -lffms2 -lstdc++ -L. -lavformat -lm -lz   --sysroot=/android-ndk-r14b/platforms/android-17/arch-arm  -lm  -o conftest
conftest.c:1:18: fatal error: ffms.h: No such file or directory
 #include <ffms.h>
                  ^
compilation terminated.
--------------------------------------------------
Failed program was:
--------------------------------------------------
#include <ffms.h>
int main (void) { FFMS_DestroyVideoSource(0); return 0; }
--------------------------------------------------
checking for lsmash.h... no
Failed commandline was:
--------------------------------------------------
/android-ndk-r14b/toolchains/arm-linux-androideabi-4.9/prebuilt/windows-x86_64/bin/arm-linux-androideabi-gcc conftest.c  -Wall -I. -I$(SRCPATH) --sysroot=/android-ndk-r14b/platforms/android-17/arch-arm -Os -fpic -march=armv7-a -mfpu=neon -mfloat-abi=softfp -std=gnu99 -D_GNU_SOURCE   -llsmash   --sysroot=/android-ndk-r14b/platforms/android-17/arch-arm  -lm  -o conftest
conftest.c:1:20: fatal error: lsmash.h: No such file or directory
 #include <lsmash.h>
                    ^
compilation terminated.
--------------------------------------------------
Failed program was:
--------------------------------------------------
#include <lsmash.h>
int main (void) {  return 0; }
--------------------------------------------------
checking for -lz... yes
checking for gpac/isomedia.h... no
Failed commandline was:
--------------------------------------------------
/android-ndk-r14b/toolchains/arm-linux-androideabi-4.9/prebuilt/windows-x86_64/bin/arm-linux-androideabi-gcc conftest.c  -Wall -I. -I$(SRCPATH) --sysroot=/android-ndk-r14b/platforms/android-17/arch-arm -Os -fpic -march=armv7-a -mfpu=neon -mfloat-abi=softfp -std=gnu99 -D_GNU_SOURCE  -lgpac_static -lz   --sysroot=/android-ndk-r14b/platforms/android-17/arch-arm  -lm  -o conftest
conftest.c:1:27: fatal error: gpac/isomedia.h: No such file or directory
 #include <gpac/isomedia.h>
                           ^
compilation terminated.
--------------------------------------------------
Failed program was:
--------------------------------------------------
#include <gpac/isomedia.h>
int main (void) {  return 0; }
--------------------------------------------------
checking for uint32_t test_vec __attribute__ ((vector_size (16))) = {0,1,2,3}; in stdint.h... yes
checking for stdio.h... yes
checking for -fno-tree-vectorize... yes
checking for fseeko(stdin,0,0); in stdio.h... yes
checking for -Wshadow... yes
checking for -Wmaybe-uninitialized... yes

platform:      ARM
byte order:    little-endian
system:        LINUX
cli:           yes
libx264:       internal
shared:        yes
static:        no
asm:           yes
interlaced:    yes
avs:           avxsynth
lavf:          no
ffms:          no
mp4:           no
gpl:           yes
thread:        posix
opencl:        yes
filters:       crop select_every 
lto:           no
debug:         no
gprof:         no
strip:         yes
PIC:           yes
bit depth:     8
chroma format: all
